14:51:23.044 [Parser] INFO  Parser - the string was parsing 1 2 3 4 5 6 7
14:51:23.051 [Reader] INFO  Reader - 1 2 -2 4 5 1line is read
14:51:23.051 [Parser] INFO  Parser - the string was parsing 1 2 -2 4 5 1
14:51:23.054 [Reader] INFO  Reader - 1 2 -2 4 5 1line is read
14:51:23.054 [Parser] INFO  Parser - the string was parsing 1 2 -2 4 5 1
14:51:23.056 [Reader] INFO  Reader - 1 2 k 4 5 1line is read
14:51:23.056 [Validator] ERROR Validator - reading string is incorrect
14:51:23.056 [Reader] INFO  Reader - line is read
14:51:23.056 [Validator] ERROR Validator - reading string is incorrect
14:51:23.057 [Reader] ERROR Reader - no valid arrays exist in the file
14:51:23.058 [Reader] ERROR Reader - no valid arrays exist in the file
14:51:23.059 [Reader] ERROR Reader - incorrect pathpath is wrong, file not found
14:52:11.503 [Reader] INFO  Reader - 1 2 -2 4 5 1 line is read
14:52:11.508 [Parser] INFO  Parser - the string was parsing 1 2 -2 4 5 1
14:52:11.525 [Parser] INFO  Parser - the string was parsing 1 2 3 4 5 6 7
14:52:11.527 [Reader] INFO  Reader - 1 2 -2 4 5 1 line is read
14:52:11.527 [Parser] INFO  Parser - the string was parsing 1 2 -2 4 5 1
14:52:11.528 [Reader] INFO  Reader - 1 2 k 4 5 1 line is read
14:52:11.529 [Validator] ERROR Validator - reading string is incorrect
14:52:11.529 [Reader] INFO  Reader -  line is read
14:52:11.529 [Validator] ERROR Validator - reading string is incorrect
14:52:11.530 [Reader] ERROR Reader -  no valid arrays exist in the file
14:52:11.531 [Reader] ERROR Reader -  no valid arrays exist in the file
14:52:11.532 [Reader] ERROR Reader - incorrect pathpath is wrong, file not found 
